\BOOKMARK [0][-]{chapter.1}{Introduction}{}% 1
\BOOKMARK [1][-]{section.1.1}{Motivation}{chapter.1}% 2
\BOOKMARK [1][-]{section.1.2}{My Work}{chapter.1}% 3
\BOOKMARK [0][-]{chapter.2}{Self-Localization}{}% 4
\BOOKMARK [1][-]{section.2.1}{General Framework: Particle Filter}{chapter.2}% 5
\BOOKMARK [1][-]{section.2.2}{Combination with Unscented Kalman Filter}{chapter.2}% 6
\BOOKMARK [0][-]{chapter.3}{Improvement of Visual Odometry}{}% 7
\BOOKMARK [1][-]{section.3.1}{The current method}{chapter.3}% 8
\BOOKMARK [2][-]{subsection.3.1.1}{Visual odometry procedure}{section.3.1}% 9
\BOOKMARK [2][-]{subsection.3.1.2}{Current problem}{section.3.1}% 10
\BOOKMARK [1][-]{section.3.2}{PnP Pose estimation}{chapter.3}% 11
\BOOKMARK [0][-]{chapter.4}{Conclusion}{}% 12
\BOOKMARK [1][-]{section.4.1}{Result and Comparison}{chapter.4}% 13
\BOOKMARK [1][-]{section.4.2}{Future Work}{chapter.4}% 14
\BOOKMARK [2][-]{subsection.4.2.1}{Come up with a more adequate noise model}{section.4.2}% 15
\BOOKMARK [2][-]{subsection.4.2.2}{Search for ball}{section.4.2}% 16
\BOOKMARK [2][-]{subsection.4.2.3}{Data association error}{section.4.2}% 17
\BOOKMARK [2][-]{subsection.4.2.4}{Communication with another robots}{section.4.2}% 18
\BOOKMARK [0][-]{chapter*.2}{List of Figures}{}% 19
\BOOKMARK [0][-]{chapter*.3}{Bibliography}{}% 20
